<?xml version="1.0" encoding="UTF-8"?>
<testsuite xmlns:xsi="http://www.w3.org/2001/XMLSchema-instance" xsi:noNamespaceSchemaLocation="https://maven.apache.org/surefire/maven-surefire-plugin/xsd/surefire-test-report.xsd" name="org.acme.GreetingsTest" time="5.743" tests="1" errors="0" skipped="0" failures="0">
  <properties>
    <property name="gopherProxySet" value="false"/>
    <property name="awt.toolkit" value="sun.lwawt.macosx.LWCToolkit"/>
    <property name="java.specification.version" value="11"/>
    <property name="sun.cpu.isalist" value=""/>
    <property name="sun.jnu.encoding" value="UTF-8"/>
    <property name="java.class.path" value="/Users/psmalan/Work/TravelExample/travel-example/travel-sample/target/test-classes:/Users/psmalan/Work/TravelExample/travel-example/travel-sample/target/classes:/Users/psmalan/.m2/repository/org/kie/kogito/kogito-quarkus/0.11.0/kogito-quarkus-0.11.0.jar:/Users/psmalan/.m2/repository/io/quarkus/quarkus-core/1.5.0.Final/quarkus-core-1.5.0.Final.jar:/Users/psmalan/.m2/repository/jakarta/enterprise/jakarta.enterprise.cdi-api/2.0.2/jakarta.enterprise.cdi-api-2.0.2.jar:/Users/psmalan/.m2/repository/jakarta/el/jakarta.el-api/3.0.3/jakarta.el-api-3.0.3.jar:/Users/psmalan/.m2/repository/jakarta/interceptor/jakarta.interceptor-api/1.2.5/jakarta.interceptor-api-1.2.5.jar:/Users/psmalan/.m2/repository/jakarta/inject/jakarta.inject-api/1.0/jakarta.inject-api-1.0.jar:/Users/psmalan/.m2/repository/io/quarkus/quarkus-ide-launcher/1.5.0.Final/quarkus-ide-launcher-1.5.0.Final.jar:/Users/psmalan/.m2/repository/io/quarkus/quarkus-development-mode-spi/1.5.0.Final/quarkus-development-mode-spi-1.5.0.Final.jar:/Users/psmalan/.m2/repository/io/smallrye/config/smallrye-config/1.7.0/smallrye-config-1.7.0.jar:/Users/psmalan/.m2/repository/io/smallrye/config/smallrye-config-common/1.7.0/smallrye-config-common-1.7.0.jar:/Users/psmalan/.m2/repository/org/jboss/logging/jboss-logging/3.3.2.Final/jboss-logging-3.3.2.Final.jar:/Users/psmalan/.m2/repository/org/jboss/logmanager/jboss-logmanager-embedded/1.0.4/jboss-logmanager-embedded-1.0.4.jar:/Users/psmalan/.m2/repository/org/jboss/logging/jboss-logging-annotations/2.1.0.Final/jboss-logging-annotations-2.1.0.Final.jar:/Users/psmalan/.m2/repository/org/jboss/threads/jboss-threads/3.1.1.Final/jboss-threads-3.1.1.Final.jar:/Users/psmalan/.m2/repository/org/slf4j/slf4j-api/1.7.25/slf4j-api-1.7.25.jar:/Users/psmalan/.m2/repository/org/jboss/slf4j/slf4j-jboss-logging/1.2.0.Final/slf4j-jboss-logging-1.2.0.Final.jar:/Users/psmalan/.m2/repository/org/graalvm/sdk/graal-sdk/19.3.1/graal-sdk-19.3.1.jar:/Users/psmalan/.m2/repository/org/wildfly/common/wildfly-common/1.5.4.Final-format-001/wildfly-common-1.5.4.Final-format-001.jar:/Users/psmalan/.m2/repository/io/quarkus/quarkus-bootstrap-runner/1.5.0.Final/quarkus-bootstrap-runner-1.5.0.Final.jar:/Users/psmalan/.m2/repository/io/quarkus/arc/arc-processor/1.5.0.Final/arc-processor-1.5.0.Final.jar:/Users/psmalan/.m2/repository/org/jboss/jandex/2.1.3.Final/jandex-2.1.3.Final.jar:/Users/psmalan/.m2/repository/io/quarkus/gizmo/gizmo/1.0.3.Final/gizmo-1.0.3.Final.jar:/Users/psmalan/.m2/repository/org/ow2/asm/asm-util/8.0.1/asm-util-8.0.1.jar:/Users/psmalan/.m2/repository/org/ow2/asm/asm-tree/8.0.1/asm-tree-8.0.1.jar:/Users/psmalan/.m2/repository/org/ow2/asm/asm-analysis/8.0.1/asm-analysis-8.0.1.jar:/Users/psmalan/.m2/repository/org/kie/kogito/kogito-api/0.11.0/kogito-api-0.11.0.jar:/Users/psmalan/.m2/repository/org/kie/kie-dmn-api/7.38.0.Final/kie-dmn-api-7.38.0.Final.jar:/Users/psmalan/.m2/repository/org/kie/kie-dmn-model/7.38.0.Final/kie-dmn-model-7.38.0.Final.jar:/Users/psmalan/.m2/repository/org/kie/kogito/kogito-drools/0.11.0/kogito-drools-0.11.0.jar:/Users/psmalan/.m2/repository/org/kie/kogito/drools-core/0.11.0/drools-core-0.11.0.jar:/Users/psmalan/.m2/repository/org/kie/soup/kie-soup-xstream/7.38.0.Final/kie-soup-xstream-7.38.0.Final.jar:/Users/psmalan/.m2/repository/org/kie/kogito/drools-compiler/0.11.0/drools-compiler-0.11.0.jar:/Users/psmalan/.m2/repository/org/antlr/antlr-runtime/3.5.2/antlr-runtime-3.5.2.jar:/Users/psmalan/.m2/repository/org/eclipse/jdt/ecj/3.19.0/ecj-3.19.0.jar:/Users/psmalan/.m2/repository/org/kie/kogito/kogito-ruleunits/0.11.0/kogito-ruleunits-0.11.0.jar:/Users/psmalan/.m2/repository/org/kie/kogito/kogito-drools-model/0.11.0/kogito-drools-model-0.11.0.jar:/Users/psmalan/.m2/repository/org/drools/drools-model-compiler/7.38.0.Final/drools-model-compiler-7.38.0.Final.jar:/Users/psmalan/.m2/repository/org/drools/drools-canonical-model/7.38.0.Final/drools-canonical-model-7.38.0.Final.jar:/Users/psmalan/.m2/repository/org/drools/drools-mvel-parser/7.38.0.Final/drools-mvel-parser-7.38.0.Final.jar:/Users/psmalan/.m2/repository/org/drools/drools-mvel-compiler/7.38.0.Final/drools-mvel-compiler-7.38.0.Final.jar:/Users/psmalan/.m2/repository/jakarta/annotation/jakarta.annotation-api/1.3.5/jakarta.annotation-api-1.3.5.jar:/Users/psmalan/.m2/repository/org/kie/kogito/drools-core-static/0.11.0/drools-core-static-0.11.0.jar:/Users/psmalan/.m2/repository/org/kie/kogito/drools-core-reflective/0.11.0/drools-core-reflective-0.11.0.jar:/Users/psmalan/.m2/repository/org/kie/kogito/kogito-internal/0.11.0/kogito-internal-0.11.0.jar:/Users/psmalan/.m2/repository/org/kie/kogito/jbpm-flow/0.11.0/jbpm-flow-0.11.0.jar:/Users/psmalan/.m2/repository/org/kie/kogito/kogito-services/0.11.0/kogito-services-0.11.0.jar:/Users/psmalan/.m2/repository/com/google/protobuf/protobuf-java/3.6.1/protobuf-java-3.6.1.jar:/Users/psmalan/.m2/repository/org/mvel/mvel2/2.4.7.Final/mvel2-2.4.7.Final.jar:/Users/psmalan/.m2/repository/org/kie/kogito/kogito-dmn/0.11.0/kogito-dmn-0.11.0.jar:/Users/psmalan/.m2/repository/com/fasterxml/jackson/core/jackson-databind/2.10.3/jackson-databind-2.10.3.jar:/Users/psmalan/.m2/repository/org/kie/kie-dmn-core/7.38.0.Final/kie-dmn-core-7.38.0.Final.jar:/Users/psmalan/.m2/repository/org/kie/kie-dmn-backend/7.38.0.Final/kie-dmn-backend-7.38.0.Final.jar:/Users/psmalan/.m2/repository/org/kie/kie-dmn-feel/7.38.0.Final/kie-dmn-feel-7.38.0.Final.jar:/Users/psmalan/.m2/repository/ch/obermuhlner/big-math/2.0.1/big-math-2.0.1.jar:/Users/psmalan/.m2/repository/com/github/javaparser/javaparser-core/3.13.10/javaparser-core-3.13.10.jar:/Users/psmalan/.m2/repository/org/antlr/antlr4-runtime/4.7.2/antlr4-runtime-4.7.2.jar:/Users/psmalan/.m2/repository/org/jpmml/pmml-model/1.4.11/pmml-model-1.4.11.jar:/Users/psmalan/.m2/repository/org/jpmml/pmml-agent/1.4.11/pmml-agent-1.4.11.jar:/Users/psmalan/.m2/repository/io/quarkus/quarkus-resteasy/1.5.0.Final/quarkus-resteasy-1.5.0.Final.jar:/Users/psmalan/.m2/repository/io/quarkus/quarkus-vertx-http/1.5.0.Final/quarkus-vertx-http-1.5.0.Final.jar:/Users/psmalan/.m2/repository/io/quarkus/security/quarkus-security/1.1.1.Final/quarkus-security-1.1.1.Final.jar:/Users/psmalan/.m2/repository/io/smallrye/reactive/mutiny/0.5.0/mutiny-0.5.0.jar:/Users/psmalan/.m2/repository/org/reactivestreams/reactive-streams/1.0.3/reactive-streams-1.0.3.jar:/Users/psmalan/.m2/repository/io/quarkus/quarkus-vertx-core/1.5.0.Final/quarkus-vertx-core-1.5.0.Final.jar:/Users/psmalan/.m2/repository/io/quarkus/quarkus-netty/1.5.0.Final/quarkus-netty-1.5.0.Final.jar:/Users/psmalan/.m2/repository/io/netty/netty-codec/4.1.49.Final/netty-codec-4.1.49.Final.jar:/Users/psmalan/.m2/repository/io/netty/netty-handler/4.1.49.Final/netty-handler-4.1.49.Final.jar:/Users/psmalan/.m2/repository/io/vertx/vertx-core/3.9.0/vertx-core-3.9.0.jar:/Users/psmalan/.m2/repository/io/netty/netty-common/4.1.49.Final/netty-common-4.1.49.Final.jar:/Users/psmalan/.m2/repository/io/netty/netty-buffer/4.1.49.Final/netty-buffer-4.1.49.Final.jar:/Users/psmalan/.m2/repository/io/netty/netty-transport/4.1.49.Final/netty-transport-4.1.49.Final.jar:/Users/psmalan/.m2/repository/io/netty/netty-handler-proxy/4.1.49.Final/netty-handler-proxy-4.1.49.Final.jar:/Users/psmalan/.m2/repository/io/netty/netty-codec-socks/4.1.49.Final/netty-codec-socks-4.1.49.Final.jar:/Users/psmalan/.m2/repository/io/netty/netty-codec-http/4.1.49.Final/netty-codec-http-4.1.49.Final.jar:/Users/psmalan/.m2/repository/io/netty/netty-codec-http2/4.1.49.Final/netty-codec-http2-4.1.49.Final.jar:/Users/psmalan/.m2/repository/io/netty/netty-resolver/4.1.49.Final/netty-resolver-4.1.49.Final.jar:/Users/psmalan/.m2/repository/io/netty/netty-resolver-dns/4.1.49.Final/netty-resolver-dns-4.1.49.Final.jar:/Users/psmalan/.m2/repository/io/netty/netty-codec-dns/4.1.49.Final/netty-codec-dns-4.1.49.Final.jar:/Users/psmalan/.m2/repository/io/vertx/vertx-web/3.9.0/vertx-web-3.9.0.jar:/Users/psmalan/.m2/repository/io/vertx/vertx-web-common/3.9.0/vertx-web-common-3.9.0.jar:/Users/psmalan/.m2/repository/io/vertx/vertx-auth-common/3.9.0/vertx-auth-common-3.9.0.jar:/Users/psmalan/.m2/repository/io/vertx/vertx-bridge-common/3.9.0/vertx-bridge-common-3.9.0.jar:/Users/psmalan/.m2/repository/io/quarkus/quarkus-resteasy-server-common/1.5.0.Final/quarkus-resteasy-server-common-1.5.0.Final.jar:/Users/psmalan/.m2/repository/io/quarkus/quarkus-resteasy-common/1.5.0.Final/quarkus-resteasy-common-1.5.0.Final.jar:/Users/psmalan/.m2/repository/org/jboss/resteasy/resteasy-core/4.5.3.Final/resteasy-core-4.5.3.Final.jar:/Users/psmalan/.m2/repository/org/jboss/spec/javax/ws/rs/jboss-jaxrs-api_2.1_spec/1.0.1.Final/jboss-jaxrs-api_2.1_spec-1.0.1.Final.jar:/Users/psmalan/.m2/repository/org/jboss/resteasy/resteasy-core-spi/4.5.3.Final/resteasy-core-spi-4.5.3.Final.jar:/Users/psmalan/.m2/repository/com/sun/activation/jakarta.activation/1.2.1/jakarta.activation-1.2.1.jar:/Users/psmalan/.m2/repository/jakarta/validation/jakarta.validation-api/2.0.2/jakarta.validation-api-2.0.2.jar:/Users/psmalan/.m2/repository/io/quarkus/quarkus-resteasy-jackson/1.5.0.Final/quarkus-resteasy-jackson-1.5.0.Final.jar:/Users/psmalan/.m2/repository/io/quarkus/quarkus-jackson/1.5.0.Final/quarkus-jackson-1.5.0.Final.jar:/Users/psmalan/.m2/repository/com/fasterxml/jackson/datatype/jackson-datatype-jsr310/2.10.3/jackson-datatype-jsr310-2.10.3.jar:/Users/psmalan/.m2/repository/com/fasterxml/jackson/datatype/jackson-datatype-jdk8/2.10.4/jackson-datatype-jdk8-2.10.4.jar:/Users/psmalan/.m2/repository/com/fasterxml/jackson/module/jackson-module-parameter-names/2.10.4/jackson-module-parameter-names-2.10.4.jar:/Users/psmalan/.m2/repository/org/jboss/resteasy/resteasy-jackson2-provider/4.5.3.Final/resteasy-jackson2-provider-4.5.3.Final.jar:/Users/psmalan/.m2/repository/org/jboss/resteasy/resteasy-jaxb-provider/4.5.3.Final/resteasy-jaxb-provider-4.5.3.Final.jar:/Users/psmalan/.m2/repository/org/glassfish/jaxb/jaxb-runtime/2.3.3-b02/jaxb-runtime-2.3.3-b02.jar:/Users/psmalan/.m2/repository/org/glassfish/jaxb/txw2/2.3.3-b02/txw2-2.3.3-b02.jar:/Users/psmalan/.m2/repository/com/sun/istack/istack-commons-runtime/3.0.10/istack-commons-runtime-3.0.10.jar:/Users/psmalan/.m2/repository/com/fasterxml/jackson/core/jackson-core/2.10.3/jackson-core-2.10.3.jar:/Users/psmalan/.m2/repository/com/fasterxml/jackson/core/jackson-annotations/2.10.3/jackson-annotations-2.10.3.jar:/Users/psmalan/.m2/repository/com/fasterxml/jackson/jaxrs/jackson-jaxrs-json-provider/2.10.4/jackson-jaxrs-json-provider-2.10.4.jar:/Users/psmalan/.m2/repository/com/fasterxml/jackson/jaxrs/jackson-jaxrs-base/2.10.4/jackson-jaxrs-base-2.10.4.jar:/Users/psmalan/.m2/repository/com/fasterxml/jackson/module/jackson-module-jaxb-annotations/2.10.4/jackson-module-jaxb-annotations-2.10.4.jar:/Users/psmalan/.m2/repository/com/github/fge/json-patch/1.9/json-patch-1.9.jar:/Users/psmalan/.m2/repository/com/github/fge/jackson-coreutils/1.6/jackson-coreutils-1.6.jar:/Users/psmalan/.m2/repository/com/github/fge/msg-simple/1.1/msg-simple-1.1.jar:/Users/psmalan/.m2/repository/com/github/fge/btf/1.2/btf-1.2.jar:/Users/psmalan/.m2/repository/com/google/guava/guava/27.0.1-jre/guava-27.0.1-jre.jar:/Users/psmalan/.m2/repository/com/google/guava/failureaccess/1.0.1/failureaccess-1.0.1.jar:/Users/psmalan/.m2/repository/com/google/guava/listenablefuture/9999.0-empty-to-avoid-conflict-with-guava/listenablefuture-9999.0-empty-to-avoid-conflict-with-guava.jar:/Users/psmalan/.m2/repository/org/jboss/spec/javax/xml/bind/jboss-jaxb-api_2.3_spec/2.0.0.Final/jboss-jaxb-api_2.3_spec-2.0.0.Final.jar:/Users/psmalan/.m2/repository/io/quarkus/quarkus-smallrye-openapi/1.5.0.Final/quarkus-smallrye-openapi-1.5.0.Final.jar:/Users/psmalan/.m2/repository/io/smallrye/smallrye-open-api/1.2.3/smallrye-open-api-1.2.3.jar:/Users/psmalan/.m2/repository/org/eclipse/microprofile/openapi/microprofile-openapi-api/1.1.2/microprofile-openapi-api-1.1.2.jar:/Users/psmalan/.m2/repository/org/eclipse/microprofile/config/microprofile-config-api/1.4/microprofile-config-api-1.4.jar:/Users/psmalan/.m2/repository/com/fasterxml/jackson/dataformat/jackson-dataformat-yaml/2.10.3/jackson-dataformat-yaml-2.10.3.jar:/Users/psmalan/.m2/repository/org/yaml/snakeyaml/1.26/snakeyaml-1.26.jar:/Users/psmalan/.m2/repository/io/quarkus/quarkus-swagger-ui/1.5.0.Final/quarkus-swagger-ui-1.5.0.Final.jar:/Users/psmalan/.m2/repository/io/quarkus/quarkus-arc/1.5.0.Final/quarkus-arc-1.5.0.Final.jar:/Users/psmalan/.m2/repository/io/quarkus/arc/arc/1.5.0.Final/arc-1.5.0.Final.jar:/Users/psmalan/.m2/repository/jakarta/transaction/jakarta.transaction-api/1.3.3/jakarta.transaction-api-1.3.3.jar:/Users/psmalan/.m2/repository/org/eclipse/microprofile/context-propagation/microprofile-context-propagation-api/1.0.1/microprofile-context-propagation-api-1.0.1.jar:/Users/psmalan/.m2/repository/io/quarkus/quarkus-junit5/1.5.0.Final/quarkus-junit5-1.5.0.Final.jar:/Users/psmalan/.m2/repository/io/quarkus/quarkus-bootstrap-core/1.5.0.Final/quarkus-bootstrap-core-1.5.0.Final.jar:/Users/psmalan/.m2/repository/org/ow2/asm/asm/8.0.1/asm-8.0.1.jar:/Users/psmalan/.m2/repository/org/apache/maven/maven-embedder/3.6.3/maven-embedder-3.6.3.jar:/Users/psmalan/.m2/repository/org/apache/maven/maven-settings/3.6.3/maven-settings-3.6.3.jar:/Users/psmalan/.m2/repository/org/apache/maven/maven-core/3.6.2/maven-core-3.6.2.jar:/Users/psmalan/.m2/repository/org/apache/maven/maven-artifact/3.6.2/maven-artifact-3.6.2.jar:/Users/psmalan/.m2/repository/org/codehaus/plexus/plexus-component-annotations/1.6/plexus-component-annotations-1.6.jar:/Users/psmalan/.m2/repository/org/apache/maven/maven-plugin-api/3.6.2/maven-plugin-api-3.6.2.jar:/Users/psmalan/.m2/repository/org/apache/maven/maven-model/3.6.3/maven-model-3.6.3.jar:/Users/psmalan/.m2/repository/org/apache/maven/maven-model-builder/3.6.3/maven-model-builder-3.6.3.jar:/Users/psmalan/.m2/repository/org/apache/maven/maven-builder-support/3.6.3/maven-builder-support-3.6.3.jar:/Users/psmalan/.m2/repository/org/apache/maven/resolver/maven-resolver-api/1.4.1/maven-resolver-api-1.4.1.jar:/Users/psmalan/.m2/repository/org/apache/maven/resolver/maven-resolver-util/1.4.1/maven-resolver-util-1.4.1.jar:/Users/psmalan/.m2/repository/org/apache/maven/shared/maven-shared-utils/3.2.1/maven-shared-utils-3.2.1.jar:/Users/psmalan/.m2/repository/commons-io/commons-io/2.6/commons-io-2.6.jar:/Users/psmalan/.m2/repository/com/google/inject/guice/4.2.1/guice-4.2.1-no_aop.jar:/Users/psmalan/.m2/repository/org/codehaus/plexus/plexus-utils/3.2.1/plexus-utils-3.2.1.jar:/Users/psmalan/.m2/repository/org/codehaus/plexus/plexus-classworlds/2.5.2/plexus-classworlds-2.5.2.jar:/Users/psmalan/.m2/repository/commons-cli/commons-cli/1.4/commons-cli-1.4.jar:/Users/psmalan/.m2/repository/org/eclipse/sisu/org.eclipse.sisu.plexus/0.3.4/org.eclipse.sisu.plexus-0.3.4.jar:/Users/psmalan/.m2/repository/org/apache/maven/maven-settings-builder/3.6.3/maven-settings-builder-3.6.3.jar:/Users/psmalan/.m2/repository/org/codehaus/plexus/plexus-interpolation/1.25/plexus-interpolation-1.25.jar:/Users/psmalan/.m2/repository/org/sonatype/plexus/plexus-sec-dispatcher/1.4/plexus-sec-dispatcher-1.4.jar:/Users/psmalan/.m2/repository/org/sonatype/plexus/plexus-cipher/1.4/plexus-cipher-1.4.jar:/Users/psmalan/.m2/repository/org/apache/maven/maven-resolver-provider/3.6.3/maven-resolver-provider-3.6.3.jar:/Users/psmalan/.m2/repository/org/apache/maven/maven-repository-metadata/3.6.3/maven-repository-metadata-3.6.3.jar:/Users/psmalan/.m2/repository/org/apache/maven/resolver/maven-resolver-spi/1.4.1/maven-resolver-spi-1.4.1.jar:/Users/psmalan/.m2/repository/org/apache/maven/resolver/maven-resolver-impl/1.4.1/maven-resolver-impl-1.4.1.jar:/Users/psmalan/.m2/repository/org/apache/maven/resolver/maven-resolver-connector-basic/1.4.1/maven-resolver-connector-basic-1.4.1.jar:/Users/psmalan/.m2/repository/org/apache/maven/resolver/maven-resolver-transport-wagon/1.4.1/maven-resolver-transport-wagon-1.4.1.jar:/Users/psmalan/.m2/repository/org/apache/maven/wagon/wagon-http/3.3.4/wagon-http-3.3.4.jar:/Users/psmalan/.m2/repository/org/apache/maven/wagon/wagon-http-shared/3.3.4/wagon-http-shared-3.3.4.jar:/Users/psmalan/.m2/repository/org/jsoup/jsoup/1.12.1/jsoup-1.12.1.jar:/Users/psmalan/.m2/repository/org/apache/maven/wagon/wagon-provider-api/3.3.4/wagon-provider-api-3.3.4.jar:/Users/psmalan/.m2/repository/org/apache/maven/wagon/wagon-file/3.3.4/wagon-file-3.3.4.jar:/Users/psmalan/.m2/repository/org/jboss/logging/commons-logging-jboss-logging/1.0.0.Final/commons-logging-jboss-logging-1.0.0.Final.jar:/Users/psmalan/.m2/repository/org/eclipse/sisu/org.eclipse.sisu.inject/0.3.4/org.eclipse.sisu.inject-0.3.4.jar:/Users/psmalan/.m2/repository/io/quarkus/quarkus-test-common/1.5.0.Final/quarkus-test-common-1.5.0.Final.jar:/Users/psmalan/.m2/repository/io/quarkus/quarkus-core-deployment/1.5.0.Final/quarkus-core-deployment-1.5.0.Final.jar:/Users/psmalan/.m2/repository/io/quarkus/quarkus-builder/1.5.0.Final/quarkus-builder-1.5.0.Final.jar:/Users/psmalan/.m2/repository/io/quarkus/quarkus-jsonp-deployment/1.5.0.Final/quarkus-jsonp-deployment-1.5.0.Final.jar:/Users/psmalan/.m2/repository/io/quarkus/quarkus-jsonp/1.5.0.Final/quarkus-jsonp-1.5.0.Final.jar:/Users/psmalan/.m2/repository/org/glassfish/jakarta.json/1.1.6/jakarta.json-1.1.6.jar:/Users/psmalan/.m2/repository/org/junit/jupiter/junit-jupiter/5.6.2/junit-jupiter-5.6.2.jar:/Users/psmalan/.m2/repository/org/junit/jupiter/junit-jupiter-api/5.6.0/junit-jupiter-api-5.6.0.jar:/Users/psmalan/.m2/repository/org/apiguardian/apiguardian-api/1.1.0/apiguardian-api-1.1.0.jar:/Users/psmalan/.m2/repository/org/opentest4j/opentest4j/1.2.0/opentest4j-1.2.0.jar:/Users/psmalan/.m2/repository/org/junit/platform/junit-platform-commons/1.6.0/junit-platform-commons-1.6.0.jar:/Users/psmalan/.m2/repository/org/junit/jupiter/junit-jupiter-params/5.6.0/junit-jupiter-params-5.6.0.jar:/Users/psmalan/.m2/repository/org/junit/jupiter/junit-jupiter-engine/5.6.0/junit-jupiter-engine-5.6.0.jar:/Users/psmalan/.m2/repository/org/junit/platform/junit-platform-engine/1.6.0/junit-platform-engine-1.6.0.jar:/Users/psmalan/.m2/repository/com/thoughtworks/xstream/xstream/1.4.11.1/xstream-1.4.11.1.jar:/Users/psmalan/.m2/repository/xmlpull/xmlpull/1.1.3.1/xmlpull-1.1.3.1.jar:/Users/psmalan/.m2/repository/xpp3/xpp3_min/1.1.4c/xpp3_min-1.1.4c.jar:/Users/psmalan/.m2/repository/io/rest-assured/rest-assured/4.2.0/rest-assured-4.2.0.jar:/Users/psmalan/.m2/repository/org/codehaus/groovy/groovy/2.5.8/groovy-2.5.8.jar:/Users/psmalan/.m2/repository/org/codehaus/groovy/groovy-xml/2.5.8/groovy-xml-2.5.8.jar:/Users/psmalan/.m2/repository/org/apache/httpcomponents/httpclient/4.5.12/httpclient-4.5.12.jar:/Users/psmalan/.m2/repository/org/apache/httpcomponents/httpcore/4.4.13/httpcore-4.4.13.jar:/Users/psmalan/.m2/repository/commons-logging/commons-logging/1.2/commons-logging-1.2.jar:/Users/psmalan/.m2/repository/commons-codec/commons-codec/1.14/commons-codec-1.14.jar:/Users/psmalan/.m2/repository/org/apache/httpcomponents/httpmime/4.5.3/httpmime-4.5.3.jar:/Users/psmalan/.m2/repository/org/hamcrest/hamcrest/2.1/hamcrest-2.1.jar:/Users/psmalan/.m2/repository/org/ccil/cowan/tagsoup/tagsoup/1.2.1/tagsoup-1.2.1.jar:/Users/psmalan/.m2/repository/io/rest-assured/json-path/4.2.0/json-path-4.2.0.jar:/Users/psmalan/.m2/repository/org/codehaus/groovy/groovy-json/2.5.8/groovy-json-2.5.8.jar:/Users/psmalan/.m2/repository/io/rest-assured/rest-assured-common/4.2.0/rest-assured-common-4.2.0.jar:/Users/psmalan/.m2/repository/io/rest-assured/xml-path/4.2.0/xml-path-4.2.0.jar:/Users/psmalan/.m2/repository/org/apache/commons/commons-lang3/3.9/commons-lang3-3.9.jar:/Users/psmalan/.m2/repository/jakarta/xml/bind/jakarta.xml.bind-api/2.3.2/jakarta.xml.bind-api-2.3.2.jar:/Users/psmalan/.m2/repository/jakarta/activation/jakarta.activation-api/1.2.1/jakarta.activation-api-1.2.1.jar:/Users/psmalan/.m2/repository/com/sun/xml/bind/jaxb-osgi/2.3.0.1/jaxb-osgi-2.3.0.1.jar:/Users/psmalan/.m2/repository/org/apache/sling/org.apache.sling.javax.activation/0.1.0/org.apache.sling.javax.activation-0.1.0.jar:/Users/psmalan/.m2/repository/javax/activation/activation/1.1.1/activation-1.1.1.jar:"/>
    <property name="java.vm.vendor" value="GraalVM Community"/>
    <property name="sun.arch.data.model" value="64"/>
    <property name="java.vendor.url" value="https://www.graalvm.org/"/>
    <property name="user.timezone" value=""/>
    <property name="java.vm.specification.version" value="11"/>
    <property name="os.name" value="Mac OS X"/>
    <property name="sun.java.launcher" value="SUN_STANDARD"/>
    <property name="user.country" value="US"/>
    <property name="sun.boot.library.path" value="/Users/psmalan/graalvm-ce-java11-20.1.0/Contents/Home/lib"/>
    <property name="sun.java.command" value="/Users/psmalan/Work/TravelExample/travel-example/travel-sample/target/surefire/surefirebooter8700926863607394815.jar /Users/psmalan/Work/TravelExample/travel-example/travel-sample/target/surefire 2020-06-25T16-43-00_647-jvmRun1 surefire8354767999178115651tmp surefire_07157023154714685088tmp"/>
    <property name="http.nonProxyHosts" value="local|*.local|169.254/16|*.169.254/16"/>
    <property name="jdk.debug" value="release"/>
    <property name="surefire.test.class.path" value="/Users/psmalan/Work/TravelExample/travel-example/travel-sample/target/test-classes:/Users/psmalan/Work/TravelExample/travel-example/travel-sample/target/classes:/Users/psmalan/.m2/repository/org/kie/kogito/kogito-quarkus/0.11.0/kogito-quarkus-0.11.0.jar:/Users/psmalan/.m2/repository/io/quarkus/quarkus-core/1.5.0.Final/quarkus-core-1.5.0.Final.jar:/Users/psmalan/.m2/repository/jakarta/enterprise/jakarta.enterprise.cdi-api/2.0.2/jakarta.enterprise.cdi-api-2.0.2.jar:/Users/psmalan/.m2/repository/jakarta/el/jakarta.el-api/3.0.3/jakarta.el-api-3.0.3.jar:/Users/psmalan/.m2/repository/jakarta/interceptor/jakarta.interceptor-api/1.2.5/jakarta.interceptor-api-1.2.5.jar:/Users/psmalan/.m2/repository/jakarta/inject/jakarta.inject-api/1.0/jakarta.inject-api-1.0.jar:/Users/psmalan/.m2/repository/io/quarkus/quarkus-ide-launcher/1.5.0.Final/quarkus-ide-launcher-1.5.0.Final.jar:/Users/psmalan/.m2/repository/io/quarkus/quarkus-development-mode-spi/1.5.0.Final/quarkus-development-mode-spi-1.5.0.Final.jar:/Users/psmalan/.m2/repository/io/smallrye/config/smallrye-config/1.7.0/smallrye-config-1.7.0.jar:/Users/psmalan/.m2/repository/io/smallrye/config/smallrye-config-common/1.7.0/smallrye-config-common-1.7.0.jar:/Users/psmalan/.m2/repository/org/jboss/logging/jboss-logging/3.3.2.Final/jboss-logging-3.3.2.Final.jar:/Users/psmalan/.m2/repository/org/jboss/logmanager/jboss-logmanager-embedded/1.0.4/jboss-logmanager-embedded-1.0.4.jar:/Users/psmalan/.m2/repository/org/jboss/logging/jboss-logging-annotations/2.1.0.Final/jboss-logging-annotations-2.1.0.Final.jar:/Users/psmalan/.m2/repository/org/jboss/threads/jboss-threads/3.1.1.Final/jboss-threads-3.1.1.Final.jar:/Users/psmalan/.m2/repository/org/slf4j/slf4j-api/1.7.25/slf4j-api-1.7.25.jar:/Users/psmalan/.m2/repository/org/jboss/slf4j/slf4j-jboss-logging/1.2.0.Final/slf4j-jboss-logging-1.2.0.Final.jar:/Users/psmalan/.m2/repository/org/graalvm/sdk/graal-sdk/19.3.1/graal-sdk-19.3.1.jar:/Users/psmalan/.m2/repository/org/wildfly/common/wildfly-common/1.5.4.Final-format-001/wildfly-common-1.5.4.Final-format-001.jar:/Users/psmalan/.m2/repository/io/quarkus/quarkus-bootstrap-runner/1.5.0.Final/quarkus-bootstrap-runner-1.5.0.Final.jar:/Users/psmalan/.m2/repository/io/quarkus/arc/arc-processor/1.5.0.Final/arc-processor-1.5.0.Final.jar:/Users/psmalan/.m2/repository/org/jboss/jandex/2.1.3.Final/jandex-2.1.3.Final.jar:/Users/psmalan/.m2/repository/io/quarkus/gizmo/gizmo/1.0.3.Final/gizmo-1.0.3.Final.jar:/Users/psmalan/.m2/repository/org/ow2/asm/asm-util/8.0.1/asm-util-8.0.1.jar:/Users/psmalan/.m2/repository/org/ow2/asm/asm-tree/8.0.1/asm-tree-8.0.1.jar:/Users/psmalan/.m2/repository/org/ow2/asm/asm-analysis/8.0.1/asm-analysis-8.0.1.jar:/Users/psmalan/.m2/repository/org/kie/kogito/kogito-api/0.11.0/kogito-api-0.11.0.jar:/Users/psmalan/.m2/repository/org/kie/kie-dmn-api/7.38.0.Final/kie-dmn-api-7.38.0.Final.jar:/Users/psmalan/.m2/repository/org/kie/kie-dmn-model/7.38.0.Final/kie-dmn-model-7.38.0.Final.jar:/Users/psmalan/.m2/repository/org/kie/kogito/kogito-drools/0.11.0/kogito-drools-0.11.0.jar:/Users/psmalan/.m2/repository/org/kie/kogito/drools-core/0.11.0/drools-core-0.11.0.jar:/Users/psmalan/.m2/repository/org/kie/soup/kie-soup-xstream/7.38.0.Final/kie-soup-xstream-7.38.0.Final.jar:/Users/psmalan/.m2/repository/org/kie/kogito/drools-compiler/0.11.0/drools-compiler-0.11.0.jar:/Users/psmalan/.m2/repository/org/antlr/antlr-runtime/3.5.2/antlr-runtime-3.5.2.jar:/Users/psmalan/.m2/repository/org/eclipse/jdt/ecj/3.19.0/ecj-3.19.0.jar:/Users/psmalan/.m2/repository/org/kie/kogito/kogito-ruleunits/0.11.0/kogito-ruleunits-0.11.0.jar:/Users/psmalan/.m2/repository/org/kie/kogito/kogito-drools-model/0.11.0/kogito-drools-model-0.11.0.jar:/Users/psmalan/.m2/repository/org/drools/drools-model-compiler/7.38.0.Final/drools-model-compiler-7.38.0.Final.jar:/Users/psmalan/.m2/repository/org/drools/drools-canonical-model/7.38.0.Final/drools-canonical-model-7.38.0.Final.jar:/Users/psmalan/.m2/repository/org/drools/drools-mvel-parser/7.38.0.Final/drools-mvel-parser-7.38.0.Final.jar:/Users/psmalan/.m2/repository/org/drools/drools-mvel-compiler/7.38.0.Final/drools-mvel-compiler-7.38.0.Final.jar:/Users/psmalan/.m2/repository/jakarta/annotation/jakarta.annotation-api/1.3.5/jakarta.annotation-api-1.3.5.jar:/Users/psmalan/.m2/repository/org/kie/kogito/drools-core-static/0.11.0/drools-core-static-0.11.0.jar:/Users/psmalan/.m2/repository/org/kie/kogito/drools-core-reflective/0.11.0/drools-core-reflective-0.11.0.jar:/Users/psmalan/.m2/repository/org/kie/kogito/kogito-internal/0.11.0/kogito-internal-0.11.0.jar:/Users/psmalan/.m2/repository/org/kie/kogito/jbpm-flow/0.11.0/jbpm-flow-0.11.0.jar:/Users/psmalan/.m2/repository/org/kie/kogito/kogito-services/0.11.0/kogito-services-0.11.0.jar:/Users/psmalan/.m2/repository/com/google/protobuf/protobuf-java/3.6.1/protobuf-java-3.6.1.jar:/Users/psmalan/.m2/repository/org/mvel/mvel2/2.4.7.Final/mvel2-2.4.7.Final.jar:/Users/psmalan/.m2/repository/org/kie/kogito/kogito-dmn/0.11.0/kogito-dmn-0.11.0.jar:/Users/psmalan/.m2/repository/com/fasterxml/jackson/core/jackson-databind/2.10.3/jackson-databind-2.10.3.jar:/Users/psmalan/.m2/repository/org/kie/kie-dmn-core/7.38.0.Final/kie-dmn-core-7.38.0.Final.jar:/Users/psmalan/.m2/repository/org/kie/kie-dmn-backend/7.38.0.Final/kie-dmn-backend-7.38.0.Final.jar:/Users/psmalan/.m2/repository/org/kie/kie-dmn-feel/7.38.0.Final/kie-dmn-feel-7.38.0.Final.jar:/Users/psmalan/.m2/repository/ch/obermuhlner/big-math/2.0.1/big-math-2.0.1.jar:/Users/psmalan/.m2/repository/com/github/javaparser/javaparser-core/3.13.10/javaparser-core-3.13.10.jar:/Users/psmalan/.m2/repository/org/antlr/antlr4-runtime/4.7.2/antlr4-runtime-4.7.2.jar:/Users/psmalan/.m2/repository/org/jpmml/pmml-model/1.4.11/pmml-model-1.4.11.jar:/Users/psmalan/.m2/repository/org/jpmml/pmml-agent/1.4.11/pmml-agent-1.4.11.jar:/Users/psmalan/.m2/repository/io/quarkus/quarkus-resteasy/1.5.0.Final/quarkus-resteasy-1.5.0.Final.jar:/Users/psmalan/.m2/repository/io/quarkus/quarkus-vertx-http/1.5.0.Final/quarkus-vertx-http-1.5.0.Final.jar:/Users/psmalan/.m2/repository/io/quarkus/security/quarkus-security/1.1.1.Final/quarkus-security-1.1.1.Final.jar:/Users/psmalan/.m2/repository/io/smallrye/reactive/mutiny/0.5.0/mutiny-0.5.0.jar:/Users/psmalan/.m2/repository/org/reactivestreams/reactive-streams/1.0.3/reactive-streams-1.0.3.jar:/Users/psmalan/.m2/repository/io/quarkus/quarkus-vertx-core/1.5.0.Final/quarkus-vertx-core-1.5.0.Final.jar:/Users/psmalan/.m2/repository/io/quarkus/quarkus-netty/1.5.0.Final/quarkus-netty-1.5.0.Final.jar:/Users/psmalan/.m2/repository/io/netty/netty-codec/4.1.49.Final/netty-codec-4.1.49.Final.jar:/Users/psmalan/.m2/repository/io/netty/netty-handler/4.1.49.Final/netty-handler-4.1.49.Final.jar:/Users/psmalan/.m2/repository/io/vertx/vertx-core/3.9.0/vertx-core-3.9.0.jar:/Users/psmalan/.m2/repository/io/netty/netty-common/4.1.49.Final/netty-common-4.1.49.Final.jar:/Users/psmalan/.m2/repository/io/netty/netty-buffer/4.1.49.Final/netty-buffer-4.1.49.Final.jar:/Users/psmalan/.m2/repository/io/netty/netty-transport/4.1.49.Final/netty-transport-4.1.49.Final.jar:/Users/psmalan/.m2/repository/io/netty/netty-handler-proxy/4.1.49.Final/netty-handler-proxy-4.1.49.Final.jar:/Users/psmalan/.m2/repository/io/netty/netty-codec-socks/4.1.49.Final/netty-codec-socks-4.1.49.Final.jar:/Users/psmalan/.m2/repository/io/netty/netty-codec-http/4.1.49.Final/netty-codec-http-4.1.49.Final.jar:/Users/psmalan/.m2/repository/io/netty/netty-codec-http2/4.1.49.Final/netty-codec-http2-4.1.49.Final.jar:/Users/psmalan/.m2/repository/io/netty/netty-resolver/4.1.49.Final/netty-resolver-4.1.49.Final.jar:/Users/psmalan/.m2/repository/io/netty/netty-resolver-dns/4.1.49.Final/netty-resolver-dns-4.1.49.Final.jar:/Users/psmalan/.m2/repository/io/netty/netty-codec-dns/4.1.49.Final/netty-codec-dns-4.1.49.Final.jar:/Users/psmalan/.m2/repository/io/vertx/vertx-web/3.9.0/vertx-web-3.9.0.jar:/Users/psmalan/.m2/repository/io/vertx/vertx-web-common/3.9.0/vertx-web-common-3.9.0.jar:/Users/psmalan/.m2/repository/io/vertx/vertx-auth-common/3.9.0/vertx-auth-common-3.9.0.jar:/Users/psmalan/.m2/repository/io/vertx/vertx-bridge-common/3.9.0/vertx-bridge-common-3.9.0.jar:/Users/psmalan/.m2/repository/io/quarkus/quarkus-resteasy-server-common/1.5.0.Final/quarkus-resteasy-server-common-1.5.0.Final.jar:/Users/psmalan/.m2/repository/io/quarkus/quarkus-resteasy-common/1.5.0.Final/quarkus-resteasy-common-1.5.0.Final.jar:/Users/psmalan/.m2/repository/org/jboss/resteasy/resteasy-core/4.5.3.Final/resteasy-core-4.5.3.Final.jar:/Users/psmalan/.m2/repository/org/jboss/spec/javax/ws/rs/jboss-jaxrs-api_2.1_spec/1.0.1.Final/jboss-jaxrs-api_2.1_spec-1.0.1.Final.jar:/Users/psmalan/.m2/repository/org/jboss/resteasy/resteasy-core-spi/4.5.3.Final/resteasy-core-spi-4.5.3.Final.jar:/Users/psmalan/.m2/repository/com/sun/activation/jakarta.activation/1.2.1/jakarta.activation-1.2.1.jar:/Users/psmalan/.m2/repository/jakarta/validation/jakarta.validation-api/2.0.2/jakarta.validation-api-2.0.2.jar:/Users/psmalan/.m2/repository/io/quarkus/quarkus-resteasy-jackson/1.5.0.Final/quarkus-resteasy-jackson-1.5.0.Final.jar:/Users/psmalan/.m2/repository/io/quarkus/quarkus-jackson/1.5.0.Final/quarkus-jackson-1.5.0.Final.jar:/Users/psmalan/.m2/repository/com/fasterxml/jackson/datatype/jackson-datatype-jsr310/2.10.3/jackson-datatype-jsr310-2.10.3.jar:/Users/psmalan/.m2/repository/com/fasterxml/jackson/datatype/jackson-datatype-jdk8/2.10.4/jackson-datatype-jdk8-2.10.4.jar:/Users/psmalan/.m2/repository/com/fasterxml/jackson/module/jackson-module-parameter-names/2.10.4/jackson-module-parameter-names-2.10.4.jar:/Users/psmalan/.m2/repository/org/jboss/resteasy/resteasy-jackson2-provider/4.5.3.Final/resteasy-jackson2-provider-4.5.3.Final.jar:/Users/psmalan/.m2/repository/org/jboss/resteasy/resteasy-jaxb-provider/4.5.3.Final/resteasy-jaxb-provider-4.5.3.Final.jar:/Users/psmalan/.m2/repository/org/glassfish/jaxb/jaxb-runtime/2.3.3-b02/jaxb-runtime-2.3.3-b02.jar:/Users/psmalan/.m2/repository/org/glassfish/jaxb/txw2/2.3.3-b02/txw2-2.3.3-b02.jar:/Users/psmalan/.m2/repository/com/sun/istack/istack-commons-runtime/3.0.10/istack-commons-runtime-3.0.10.jar:/Users/psmalan/.m2/repository/com/fasterxml/jackson/core/jackson-core/2.10.3/jackson-core-2.10.3.jar:/Users/psmalan/.m2/repository/com/fasterxml/jackson/core/jackson-annotations/2.10.3/jackson-annotations-2.10.3.jar:/Users/psmalan/.m2/repository/com/fasterxml/jackson/jaxrs/jackson-jaxrs-json-provider/2.10.4/jackson-jaxrs-json-provider-2.10.4.jar:/Users/psmalan/.m2/repository/com/fasterxml/jackson/jaxrs/jackson-jaxrs-base/2.10.4/jackson-jaxrs-base-2.10.4.jar:/Users/psmalan/.m2/repository/com/fasterxml/jackson/module/jackson-module-jaxb-annotations/2.10.4/jackson-module-jaxb-annotations-2.10.4.jar:/Users/psmalan/.m2/repository/com/github/fge/json-patch/1.9/json-patch-1.9.jar:/Users/psmalan/.m2/repository/com/github/fge/jackson-coreutils/1.6/jackson-coreutils-1.6.jar:/Users/psmalan/.m2/repository/com/github/fge/msg-simple/1.1/msg-simple-1.1.jar:/Users/psmalan/.m2/repository/com/github/fge/btf/1.2/btf-1.2.jar:/Users/psmalan/.m2/repository/com/google/guava/guava/27.0.1-jre/guava-27.0.1-jre.jar:/Users/psmalan/.m2/repository/com/google/guava/failureaccess/1.0.1/failureaccess-1.0.1.jar:/Users/psmalan/.m2/repository/com/google/guava/listenablefuture/9999.0-empty-to-avoid-conflict-with-guava/listenablefuture-9999.0-empty-to-avoid-conflict-with-guava.jar:/Users/psmalan/.m2/repository/org/jboss/spec/javax/xml/bind/jboss-jaxb-api_2.3_spec/2.0.0.Final/jboss-jaxb-api_2.3_spec-2.0.0.Final.jar:/Users/psmalan/.m2/repository/io/quarkus/quarkus-smallrye-openapi/1.5.0.Final/quarkus-smallrye-openapi-1.5.0.Final.jar:/Users/psmalan/.m2/repository/io/smallrye/smallrye-open-api/1.2.3/smallrye-open-api-1.2.3.jar:/Users/psmalan/.m2/repository/org/eclipse/microprofile/openapi/microprofile-openapi-api/1.1.2/microprofile-openapi-api-1.1.2.jar:/Users/psmalan/.m2/repository/org/eclipse/microprofile/config/microprofile-config-api/1.4/microprofile-config-api-1.4.jar:/Users/psmalan/.m2/repository/com/fasterxml/jackson/dataformat/jackson-dataformat-yaml/2.10.3/jackson-dataformat-yaml-2.10.3.jar:/Users/psmalan/.m2/repository/org/yaml/snakeyaml/1.26/snakeyaml-1.26.jar:/Users/psmalan/.m2/repository/io/quarkus/quarkus-swagger-ui/1.5.0.Final/quarkus-swagger-ui-1.5.0.Final.jar:/Users/psmalan/.m2/repository/io/quarkus/quarkus-arc/1.5.0.Final/quarkus-arc-1.5.0.Final.jar:/Users/psmalan/.m2/repository/io/quarkus/arc/arc/1.5.0.Final/arc-1.5.0.Final.jar:/Users/psmalan/.m2/repository/jakarta/transaction/jakarta.transaction-api/1.3.3/jakarta.transaction-api-1.3.3.jar:/Users/psmalan/.m2/repository/org/eclipse/microprofile/context-propagation/microprofile-context-propagation-api/1.0.1/microprofile-context-propagation-api-1.0.1.jar:/Users/psmalan/.m2/repository/io/quarkus/quarkus-junit5/1.5.0.Final/quarkus-junit5-1.5.0.Final.jar:/Users/psmalan/.m2/repository/io/quarkus/quarkus-bootstrap-core/1.5.0.Final/quarkus-bootstrap-core-1.5.0.Final.jar:/Users/psmalan/.m2/repository/org/ow2/asm/asm/8.0.1/asm-8.0.1.jar:/Users/psmalan/.m2/repository/org/apache/maven/maven-embedder/3.6.3/maven-embedder-3.6.3.jar:/Users/psmalan/.m2/repository/org/apache/maven/maven-settings/3.6.3/maven-settings-3.6.3.jar:/Users/psmalan/.m2/repository/org/apache/maven/maven-core/3.6.2/maven-core-3.6.2.jar:/Users/psmalan/.m2/repository/org/apache/maven/maven-artifact/3.6.2/maven-artifact-3.6.2.jar:/Users/psmalan/.m2/repository/org/codehaus/plexus/plexus-component-annotations/1.6/plexus-component-annotations-1.6.jar:/Users/psmalan/.m2/repository/org/apache/maven/maven-plugin-api/3.6.2/maven-plugin-api-3.6.2.jar:/Users/psmalan/.m2/repository/org/apache/maven/maven-model/3.6.3/maven-model-3.6.3.jar:/Users/psmalan/.m2/repository/org/apache/maven/maven-model-builder/3.6.3/maven-model-builder-3.6.3.jar:/Users/psmalan/.m2/repository/org/apache/maven/maven-builder-support/3.6.3/maven-builder-support-3.6.3.jar:/Users/psmalan/.m2/repository/org/apache/maven/resolver/maven-resolver-api/1.4.1/maven-resolver-api-1.4.1.jar:/Users/psmalan/.m2/repository/org/apache/maven/resolver/maven-resolver-util/1.4.1/maven-resolver-util-1.4.1.jar:/Users/psmalan/.m2/repository/org/apache/maven/shared/maven-shared-utils/3.2.1/maven-shared-utils-3.2.1.jar:/Users/psmalan/.m2/repository/commons-io/commons-io/2.6/commons-io-2.6.jar:/Users/psmalan/.m2/repository/com/google/inject/guice/4.2.1/guice-4.2.1-no_aop.jar:/Users/psmalan/.m2/repository/org/codehaus/plexus/plexus-utils/3.2.1/plexus-utils-3.2.1.jar:/Users/psmalan/.m2/repository/org/codehaus/plexus/plexus-classworlds/2.5.2/plexus-classworlds-2.5.2.jar:/Users/psmalan/.m2/repository/commons-cli/commons-cli/1.4/commons-cli-1.4.jar:/Users/psmalan/.m2/repository/org/eclipse/sisu/org.eclipse.sisu.plexus/0.3.4/org.eclipse.sisu.plexus-0.3.4.jar:/Users/psmalan/.m2/repository/org/apache/maven/maven-settings-builder/3.6.3/maven-settings-builder-3.6.3.jar:/Users/psmalan/.m2/repository/org/codehaus/plexus/plexus-interpolation/1.25/plexus-interpolation-1.25.jar:/Users/psmalan/.m2/repository/org/sonatype/plexus/plexus-sec-dispatcher/1.4/plexus-sec-dispatcher-1.4.jar:/Users/psmalan/.m2/repository/org/sonatype/plexus/plexus-cipher/1.4/plexus-cipher-1.4.jar:/Users/psmalan/.m2/repository/org/apache/maven/maven-resolver-provider/3.6.3/maven-resolver-provider-3.6.3.jar:/Users/psmalan/.m2/repository/org/apache/maven/maven-repository-metadata/3.6.3/maven-repository-metadata-3.6.3.jar:/Users/psmalan/.m2/repository/org/apache/maven/resolver/maven-resolver-spi/1.4.1/maven-resolver-spi-1.4.1.jar:/Users/psmalan/.m2/repository/org/apache/maven/resolver/maven-resolver-impl/1.4.1/maven-resolver-impl-1.4.1.jar:/Users/psmalan/.m2/repository/org/apache/maven/resolver/maven-resolver-connector-basic/1.4.1/maven-resolver-connector-basic-1.4.1.jar:/Users/psmalan/.m2/repository/org/apache/maven/resolver/maven-resolver-transport-wagon/1.4.1/maven-resolver-transport-wagon-1.4.1.jar:/Users/psmalan/.m2/repository/org/apache/maven/wagon/wagon-http/3.3.4/wagon-http-3.3.4.jar:/Users/psmalan/.m2/repository/org/apache/maven/wagon/wagon-http-shared/3.3.4/wagon-http-shared-3.3.4.jar:/Users/psmalan/.m2/repository/org/jsoup/jsoup/1.12.1/jsoup-1.12.1.jar:/Users/psmalan/.m2/repository/org/apache/maven/wagon/wagon-provider-api/3.3.4/wagon-provider-api-3.3.4.jar:/Users/psmalan/.m2/repository/org/apache/maven/wagon/wagon-file/3.3.4/wagon-file-3.3.4.jar:/Users/psmalan/.m2/repository/org/jboss/logging/commons-logging-jboss-logging/1.0.0.Final/commons-logging-jboss-logging-1.0.0.Final.jar:/Users/psmalan/.m2/repository/org/eclipse/sisu/org.eclipse.sisu.inject/0.3.4/org.eclipse.sisu.inject-0.3.4.jar:/Users/psmalan/.m2/repository/io/quarkus/quarkus-test-common/1.5.0.Final/quarkus-test-common-1.5.0.Final.jar:/Users/psmalan/.m2/repository/io/quarkus/quarkus-core-deployment/1.5.0.Final/quarkus-core-deployment-1.5.0.Final.jar:/Users/psmalan/.m2/repository/io/quarkus/quarkus-builder/1.5.0.Final/quarkus-builder-1.5.0.Final.jar:/Users/psmalan/.m2/repository/io/quarkus/quarkus-jsonp-deployment/1.5.0.Final/quarkus-jsonp-deployment-1.5.0.Final.jar:/Users/psmalan/.m2/repository/io/quarkus/quarkus-jsonp/1.5.0.Final/quarkus-jsonp-1.5.0.Final.jar:/Users/psmalan/.m2/repository/org/glassfish/jakarta.json/1.1.6/jakarta.json-1.1.6.jar:/Users/psmalan/.m2/repository/org/junit/jupiter/junit-jupiter/5.6.2/junit-jupiter-5.6.2.jar:/Users/psmalan/.m2/repository/org/junit/jupiter/junit-jupiter-api/5.6.0/junit-jupiter-api-5.6.0.jar:/Users/psmalan/.m2/repository/org/apiguardian/apiguardian-api/1.1.0/apiguardian-api-1.1.0.jar:/Users/psmalan/.m2/repository/org/opentest4j/opentest4j/1.2.0/opentest4j-1.2.0.jar:/Users/psmalan/.m2/repository/org/junit/platform/junit-platform-commons/1.6.0/junit-platform-commons-1.6.0.jar:/Users/psmalan/.m2/repository/org/junit/jupiter/junit-jupiter-params/5.6.0/junit-jupiter-params-5.6.0.jar:/Users/psmalan/.m2/repository/org/junit/jupiter/junit-jupiter-engine/5.6.0/junit-jupiter-engine-5.6.0.jar:/Users/psmalan/.m2/repository/org/junit/platform/junit-platform-engine/1.6.0/junit-platform-engine-1.6.0.jar:/Users/psmalan/.m2/repository/com/thoughtworks/xstream/xstream/1.4.11.1/xstream-1.4.11.1.jar:/Users/psmalan/.m2/repository/xmlpull/xmlpull/1.1.3.1/xmlpull-1.1.3.1.jar:/Users/psmalan/.m2/repository/xpp3/xpp3_min/1.1.4c/xpp3_min-1.1.4c.jar:/Users/psmalan/.m2/repository/io/rest-assured/rest-assured/4.2.0/rest-assured-4.2.0.jar:/Users/psmalan/.m2/repository/org/codehaus/groovy/groovy/2.5.8/groovy-2.5.8.jar:/Users/psmalan/.m2/repository/org/codehaus/groovy/groovy-xml/2.5.8/groovy-xml-2.5.8.jar:/Users/psmalan/.m2/repository/org/apache/httpcomponents/httpclient/4.5.12/httpclient-4.5.12.jar:/Users/psmalan/.m2/repository/org/apache/httpcomponents/httpcore/4.4.13/httpcore-4.4.13.jar:/Users/psmalan/.m2/repository/commons-logging/commons-logging/1.2/commons-logging-1.2.jar:/Users/psmalan/.m2/repository/commons-codec/commons-codec/1.14/commons-codec-1.14.jar:/Users/psmalan/.m2/repository/org/apache/httpcomponents/httpmime/4.5.3/httpmime-4.5.3.jar:/Users/psmalan/.m2/repository/org/hamcrest/hamcrest/2.1/hamcrest-2.1.jar:/Users/psmalan/.m2/repository/org/ccil/cowan/tagsoup/tagsoup/1.2.1/tagsoup-1.2.1.jar:/Users/psmalan/.m2/repository/io/rest-assured/json-path/4.2.0/json-path-4.2.0.jar:/Users/psmalan/.m2/repository/org/codehaus/groovy/groovy-json/2.5.8/groovy-json-2.5.8.jar:/Users/psmalan/.m2/repository/io/rest-assured/rest-assured-common/4.2.0/rest-assured-common-4.2.0.jar:/Users/psmalan/.m2/repository/io/rest-assured/xml-path/4.2.0/xml-path-4.2.0.jar:/Users/psmalan/.m2/repository/org/apache/commons/commons-lang3/3.9/commons-lang3-3.9.jar:/Users/psmalan/.m2/repository/jakarta/xml/bind/jakarta.xml.bind-api/2.3.2/jakarta.xml.bind-api-2.3.2.jar:/Users/psmalan/.m2/repository/jakarta/activation/jakarta.activation-api/1.2.1/jakarta.activation-api-1.2.1.jar:/Users/psmalan/.m2/repository/com/sun/xml/bind/jaxb-osgi/2.3.0.1/jaxb-osgi-2.3.0.1.jar:/Users/psmalan/.m2/repository/org/apache/sling/org.apache.sling.javax.activation/0.1.0/org.apache.sling.javax.activation-0.1.0.jar:/Users/psmalan/.m2/repository/javax/activation/activation/1.1.1/activation-1.1.1.jar:"/>
    <property name="sun.cpu.endian" value="little"/>
    <property name="user.home" value="/Users/psmalan"/>
    <property name="user.language" value="en"/>
    <property name="java.specification.vendor" value="Oracle Corporation"/>
    <property name="java.version.date" value="2020-04-14"/>
    <property name="java.home" value="/Users/psmalan/graalvm-ce-java11-20.1.0/Contents/Home"/>
    <property name="file.separator" value="/"/>
    <property name="basedir" value="/Users/psmalan/Work/TravelExample/travel-example/travel-sample"/>
    <property name="java.vm.compressedOopsMode" value="Zero based"/>
    <property name="line.separator" value="&#10;"/>
    <property name="jdk.internal.vm.ci.enabled" value="true"/>
    <property name="java.specification.name" value="Java Platform API Specification"/>
    <property name="java.vm.specification.vendor" value="Oracle Corporation"/>
    <property name="java.awt.graphicsenv" value="sun.awt.CGraphicsEnvironment"/>
    <property name="surefire.real.class.path" value="/Users/psmalan/Work/TravelExample/travel-example/travel-sample/target/surefire/surefirebooter8700926863607394815.jar"/>
    <property name="sun.management.compiler" value="HotSpot 64-Bit Tiered Compilers"/>
    <property name="ftp.nonProxyHosts" value="local|*.local|169.254/16|*.169.254/16"/>
    <property name="java.runtime.version" value="11.0.7+10-jvmci-20.1-b02"/>
    <property name="user.name" value="psmalan"/>
    <property name="path.separator" value=":"/>
    <property name="os.version" value="10.15.5"/>
    <property name="java.runtime.name" value="OpenJDK Runtime Environment"/>
    <property name="file.encoding" value="UTF-8"/>
    <property name="java.vm.name" value="OpenJDK 64-Bit Server VM"/>
    <property name="java.vendor.version" value="GraalVM CE 20.1.0"/>
    <property name="localRepository" value="/Users/psmalan/.m2/repository"/>
    <property name="java.vendor.url.bug" value="https://github.com/oracle/graal/issues"/>
    <property name="java.io.tmpdir" value="/var/folders/7c/mtjpg_n578xcmw1371gs5gq00000gn/T/"/>
    <property name="java.version" value="11.0.7"/>
    <property name="user.dir" value="/Users/psmalan/Work/TravelExample/travel-example/travel-sample"/>
    <property name="os.arch" value="x86_64"/>
    <property name="java.vm.specification.name" value="Java Virtual Machine Specification"/>
    <property name="java.awt.printerjob" value="sun.lwawt.macosx.CPrinterJob"/>
    <property name="sun.os.patch.level" value="unknown"/>
    <property name="java.library.path" value="/Users/psmalan/Library/Java/Extensions:/Library/Java/Extensions:/Network/Library/Java/Extensions:/System/Library/Java/Extensions:/usr/lib/java:."/>
    <property name="java.vendor" value="GraalVM Community"/>
    <property name="java.vm.info" value="mixed mode, sharing"/>
    <property name="java.vm.version" value="11.0.7+10-jvmci-20.1-b02"/>
    <property name="sun.io.unicode.encoding" value="UnicodeBig"/>
    <property name="java.class.version" value="55.0"/>
    <property name="socksNonProxyHosts" value="local|*.local|169.254/16|*.169.254/16"/>
  </properties>
  <testcase name="testHelloEndpoint" classname="org.acme.GreetingsTest" time="1.227"/>
</testsuite>